<?xml version="1.0" encoding="UTF-8"?>
<!-- Generated by org.testng.reporters.JUnitXMLReporter -->
<testsuite hostname="DESKTOP-BGD5SC2" ignored="1" name="Test" tests="9" failures="1" timestamp="01 Apr 2022 15:12:35 GMT" time="9.914" errors="0">
  <testcase name="close" time="0.128" classname="com.flipkart.stepDefinition1.MobileValidation"/>
  <testcase name="search" time="0.175" classname="com.flipkart.stepDefinition1.MobileValidation"/>
  <testcase name="name" time="0.001" classname="com.flipkart.stepDefinition1.MobileValidation">
    <failure type="org.testng.internal.reflect.MethodMatcherException" message="
Data provider mismatch
Method: name([])
Arguments: [(java.lang.String) realme]">
      <![CDATA[org.testng.internal.reflect.MethodMatcherException: 
Data provider mismatch
Method: name([])
Arguments: [(java.lang.String) realme]
... Removed 20 stack frames]]>
    </failure>
  </testcase> <!-- name -->
  <testcase name="window" time="0.011" classname="com.flipkart.stepDefinition1.MobileValidation"/>
  <testcase name="Success" time="0.001" classname="com.flipkart.stepDefinition1.MobileValidation"/>
  <testcase name="Success" time="0.001" classname="com.flipkart.stepDefinition1.MobileValidation"/>
  <testcase name="Success" time="0.001" classname="com.flipkart.stepDefinition1.MobileValidation"/>
  <testcase name="Success" time="0.001" classname="com.flipkart.stepDefinition1.MobileValidation"/>
  <testcase name="Success" time="0.002" classname="com.flipkart.stepDefinition1.MobileValidation"/>
  <testcase name="validation" time="0.0" classname="com.flipkart.stepDefinition1.MobileValidation">
    <ignored/>
  </testcase> <!-- validation -->
</testsuite> <!-- Test -->
