<?xml version="1.0" encoding="UTF-8"?>
<testng-results skipped="0" failed="1" ignored="1" total="10" passed="8">
  <reporter-output>
  </reporter-output>
  <suite name="Suite" duration-ms="9914" started-at="2022-04-01T15:12:26Z" finished-at="2022-04-01T15:12:35Z">
    <groups>
      <group name="sanity">
        <method signature="MobileValidation.close(java.lang.String, java.lang.String)[pri:1, instance:com.flipkart.stepDefinition1.MobileValidation@1794d431]" name="close" class="com.flipkart.stepDefinition1.MobileValidation"/>
        <method signature="MobileValidation.search(java.lang.String)[pri:2, instance:com.flipkart.stepDefinition1.MobileValidation@1794d431]" name="search" class="com.flipkart.stepDefinition1.MobileValidation"/>
      </group> <!-- sanity -->
    </groups>
    <test name="Test" duration-ms="9914" started-at="2022-04-01T15:12:26Z" finished-at="2022-04-01T15:12:35Z">
      <class name="com.flipkart.stepDefinition1.MobileValidation">
        <test-method status="PASS" signature="BeforeClass()[pri:0, instance:com.flipkart.stepDefinition1.MobileValidation@1794d431]" name="BeforeClass" is-config="true" duration-ms="8839" started-at="2022-04-01T15:12:26Z" finished-at="2022-04-01T15:12:34Z">
          <reporter-output>
          </reporter-output>
        </test-method> <!-- BeforeClass -->
        <test-method status="PASS" signature="BeforeTest()[pri:0, instance:com.flipkart.stepDefinition1.MobileValidation@1794d431]" name="BeforeTest" is-config="true" duration-ms="1" started-at="2022-04-01T15:12:34Z" finished-at="2022-04-01T15:12:34Z">
          <reporter-output>
          </reporter-output>
        </test-method> <!-- BeforeTest -->
        <test-method status="PASS" signature="close(java.lang.String, java.lang.String)[pri:1, instance:com.flipkart.stepDefinition1.MobileValidation@1794d431]" name="close" duration-ms="128" started-at="2022-04-01T15:12:34Z" finished-at="2022-04-01T15:12:35Z">
          <params>
            <param index="0">
              <value>
                <![CDATA[Pavithra]]>
              </value>
            </param>
            <param index="1">
              <value>
                <![CDATA[Nila]]>
              </value>
            </param>
          </params>
          <reporter-output>
          </reporter-output>
        </test-method> <!-- close -->
        <test-method status="PASS" signature="AfterTest()[pri:0, instance:com.flipkart.stepDefinition1.MobileValidation@1794d431]" name="AfterTest" is-config="true" duration-ms="3" started-at="2022-04-01T15:12:35Z" finished-at="2022-04-01T15:12:35Z">
          <reporter-output>
          </reporter-output>
        </test-method> <!-- AfterTest -->
        <test-method status="PASS" signature="BeforeTest()[pri:0, instance:com.flipkart.stepDefinition1.MobileValidation@1794d431]" name="BeforeTest" is-config="true" duration-ms="0" started-at="2022-04-01T15:12:35Z" finished-at="2022-04-01T15:12:35Z">
          <reporter-output>
          </reporter-output>
        </test-method> <!-- BeforeTest -->
        <test-method status="PASS" signature="search(java.lang.String)[pri:2, instance:com.flipkart.stepDefinition1.MobileValidation@1794d431]" name="search" duration-ms="175" started-at="2022-04-01T15:12:35Z" data-provider="mobileName" finished-at="2022-04-01T15:12:35Z">
          <params>
            <param index="0">
              <value>
                <![CDATA[realme]]>
              </value>
            </param>
          </params>
          <reporter-output>
          </reporter-output>
        </test-method> <!-- search -->
        <test-method status="PASS" signature="AfterTest()[pri:0, instance:com.flipkart.stepDefinition1.MobileValidation@1794d431]" name="AfterTest" is-config="true" duration-ms="0" started-at="2022-04-01T15:12:35Z" finished-at="2022-04-01T15:12:35Z">
          <reporter-output>
          </reporter-output>
        </test-method> <!-- AfterTest -->
        <test-method status="FAIL" signature="name()[pri:3, instance:com.flipkart.stepDefinition1.MobileValidation@1794d431]" name="name" duration-ms="1" started-at="2022-04-01T15:12:35Z" data-provider="mobileName" finished-at="2022-04-01T15:12:35Z">
          <exception class="org.testng.internal.reflect.MethodMatcherException">
            <message>
              <![CDATA[
Data provider mismatch
Method: name([])
Arguments: [(java.lang.String) realme]]]>
            </message>
            <full-stacktrace>
              <![CDATA[org.testng.internal.reflect.MethodMatcherException: 
Data provider mismatch
Method: name([])
Arguments: [(java.lang.String) realme]
at org.testng.internal.reflect.DataProviderMethodMatcher.getConformingArguments(DataProviderMethodMatcher.java:45)
at org.testng.internal.Parameters.injectParameters(Parameters.java:796)
at org.testng.internal.Invoker.invokeTestMethods(Invoker.java:983)
at org.testng.internal.TestMethodWorker.invokeTestMethods(TestMethodWorker.java:125)
at org.testng.internal.TestMethodWorker.run(TestMethodWorker.java:109)
at org.testng.TestRunner.privateRun(TestRunner.java:648)
at org.testng.TestRunner.run(TestRunner.java:505)
at org.testng.SuiteRunner.runTest(SuiteRunner.java:455)
at org.testng.SuiteRunner.runSequentially(SuiteRunner.java:450)
at org.testng.SuiteRunner.privateRun(SuiteRunner.java:415)
at org.testng.SuiteRunner.run(SuiteRunner.java:364)
at org.testng.SuiteRunnerWorker.runSuite(SuiteRunnerWorker.java:52)
at org.testng.SuiteRunnerWorker.run(SuiteRunnerWorker.java:84)
at org.testng.TestNG.runSuitesSequentially(TestNG.java:1208)
at org.testng.TestNG.runSuitesLocally(TestNG.java:1137)
at org.testng.TestNG.runSuites(TestNG.java:1049)
at org.testng.TestNG.run(TestNG.java:1017)
at org.testng.remote.AbstractRemoteTestNG.run(AbstractRemoteTestNG.java:114)
at org.testng.remote.RemoteTestNG.initAndRun(RemoteTestNG.java:251)
at org.testng.remote.RemoteTestNG.main(RemoteTestNG.java:77)
]]>
            </full-stacktrace>
          </exception> <!-- org.testng.internal.reflect.MethodMatcherException -->
          <reporter-output>
          </reporter-output>
        </test-method> <!-- name -->
        <test-method status="PASS" signature="BeforeTest()[pri:0, instance:com.flipkart.stepDefinition1.MobileValidation@1794d431]" name="BeforeTest" is-config="true" duration-ms="0" started-at="2022-04-01T15:12:35Z" finished-at="2022-04-01T15:12:35Z">
          <reporter-output>
          </reporter-output>
        </test-method> <!-- BeforeTest -->
        <test-method status="PASS" signature="window()[pri:4, instance:com.flipkart.stepDefinition1.MobileValidation@1794d431]" name="window" duration-ms="11" started-at="2022-04-01T15:12:35Z" finished-at="2022-04-01T15:12:35Z">
          <reporter-output>
          </reporter-output>
        </test-method> <!-- window -->
        <test-method status="PASS" signature="AfterTest()[pri:0, instance:com.flipkart.stepDefinition1.MobileValidation@1794d431]" name="AfterTest" is-config="true" duration-ms="1" started-at="2022-04-01T15:12:35Z" finished-at="2022-04-01T15:12:35Z">
          <reporter-output>
          </reporter-output>
        </test-method> <!-- AfterTest -->
        <test-method status="PASS" signature="BeforeTest()[pri:0, instance:com.flipkart.stepDefinition1.MobileValidation@1794d431]" name="BeforeTest" is-config="true" duration-ms="1" started-at="2022-04-01T15:12:35Z" finished-at="2022-04-01T15:12:35Z">
          <reporter-output>
          </reporter-output>
        </test-method> <!-- BeforeTest -->
        <test-method status="PASS" signature="Success()[pri:6, instance:com.flipkart.stepDefinition1.MobileValidation@1794d431]" name="Success" duration-ms="1" started-at="2022-04-01T15:12:35Z" finished-at="2022-04-01T15:12:35Z">
          <reporter-output>
          </reporter-output>
        </test-method> <!-- Success -->
        <test-method status="PASS" signature="BeforeTest()[pri:0, instance:com.flipkart.stepDefinition1.MobileValidation@1794d431]" name="BeforeTest" is-config="true" duration-ms="1" started-at="2022-04-01T15:12:35Z" finished-at="2022-04-01T15:12:35Z">
          <reporter-output>
          </reporter-output>
        </test-method> <!-- BeforeTest -->
        <test-method status="PASS" signature="AfterTest()[pri:0, instance:com.flipkart.stepDefinition1.MobileValidation@1794d431]" name="AfterTest" is-config="true" duration-ms="0" started-at="2022-04-01T15:12:35Z" finished-at="2022-04-01T15:12:35Z">
          <reporter-output>
          </reporter-output>
        </test-method> <!-- AfterTest -->
        <test-method status="PASS" signature="Success()[pri:6, instance:com.flipkart.stepDefinition1.MobileValidation@1794d431]" name="Success" duration-ms="1" started-at="2022-04-01T15:12:35Z" finished-at="2022-04-01T15:12:35Z">
          <reporter-output>
          </reporter-output>
        </test-method> <!-- Success -->
        <test-method status="PASS" signature="AfterTest()[pri:0, instance:com.flipkart.stepDefinition1.MobileValidation@1794d431]" name="AfterTest" is-config="true" duration-ms="0" started-at="2022-04-01T15:12:35Z" finished-at="2022-04-01T15:12:35Z">
          <reporter-output>
          </reporter-output>
        </test-method> <!-- AfterTest -->
        <test-method status="PASS" signature="BeforeTest()[pri:0, instance:com.flipkart.stepDefinition1.MobileValidation@1794d431]" name="BeforeTest" is-config="true" duration-ms="0" started-at="2022-04-01T15:12:35Z" finished-at="2022-04-01T15:12:35Z">
          <reporter-output>
          </reporter-output>
        </test-method> <!-- BeforeTest -->
        <test-method status="PASS" signature="Success()[pri:6, instance:com.flipkart.stepDefinition1.MobileValidation@1794d431]" name="Success" duration-ms="1" started-at="2022-04-01T15:12:35Z" finished-at="2022-04-01T15:12:35Z">
          <reporter-output>
          </reporter-output>
        </test-method> <!-- Success -->
        <test-method status="PASS" signature="AfterTest()[pri:0, instance:com.flipkart.stepDefinition1.MobileValidation@1794d431]" name="AfterTest" is-config="true" duration-ms="1" started-at="2022-04-01T15:12:35Z" finished-at="2022-04-01T15:12:35Z">
          <reporter-output>
          </reporter-output>
        </test-method> <!-- AfterTest -->
        <test-method status="PASS" signature="BeforeTest()[pri:0, instance:com.flipkart.stepDefinition1.MobileValidation@1794d431]" name="BeforeTest" is-config="true" duration-ms="0" started-at="2022-04-01T15:12:35Z" finished-at="2022-04-01T15:12:35Z">
          <reporter-output>
          </reporter-output>
        </test-method> <!-- BeforeTest -->
        <test-method status="PASS" signature="Success()[pri:6, instance:com.flipkart.stepDefinition1.MobileValidation@1794d431]" name="Success" duration-ms="1" started-at="2022-04-01T15:12:35Z" finished-at="2022-04-01T15:12:35Z">
          <reporter-output>
          </reporter-output>
        </test-method> <!-- Success -->
        <test-method status="PASS" signature="AfterTest()[pri:0, instance:com.flipkart.stepDefinition1.MobileValidation@1794d431]" name="AfterTest" is-config="true" duration-ms="0" started-at="2022-04-01T15:12:35Z" finished-at="2022-04-01T15:12:35Z">
          <reporter-output>
          </reporter-output>
        </test-method> <!-- AfterTest -->
        <test-method status="PASS" signature="Success()[pri:6, instance:com.flipkart.stepDefinition1.MobileValidation@1794d431]" name="Success" duration-ms="2" started-at="2022-04-01T15:12:35Z" finished-at="2022-04-01T15:12:35Z">
          <reporter-output>
          </reporter-output>
        </test-method> <!-- Success -->
        <test-method status="PASS" signature="BeforeTest()[pri:0, instance:com.flipkart.stepDefinition1.MobileValidation@1794d431]" name="BeforeTest" is-config="true" duration-ms="0" started-at="2022-04-01T15:12:35Z" finished-at="2022-04-01T15:12:35Z">
          <reporter-output>
          </reporter-output>
        </test-method> <!-- BeforeTest -->
        <test-method status="PASS" signature="AfterTest()[pri:0, instance:com.flipkart.stepDefinition1.MobileValidation@1794d431]" name="AfterTest" is-config="true" duration-ms="1" started-at="2022-04-01T15:12:35Z" finished-at="2022-04-01T15:12:35Z">
          <reporter-output>
          </reporter-output>
        </test-method> <!-- AfterTest -->
        <test-method status="PASS" signature="AfterClass()[pri:0, instance:com.flipkart.stepDefinition1.MobileValidation@1794d431]" name="AfterClass" is-config="true" duration-ms="699" started-at="2022-04-01T15:12:35Z" finished-at="2022-04-01T15:12:35Z">
          <reporter-output>
          </reporter-output>
        </test-method> <!-- AfterClass -->
      </class> <!-- com.flipkart.stepDefinition1.MobileValidation -->
    </test> <!-- Test -->
  </suite> <!-- Suite -->
</testng-results>
